<?xml version="1.0" encoding="UTF-8"?>
<!-- Generated by org.testng.reporters.JUnitReportReporter -->
<testsuite skipped="0" hostname="DESKTOP-O7FV5V6" name="Katt_Project.Katt_Project.FirstClass_Katt" tests="1" failures="0" timestamp="20 maj 2019 23:10:06 GMT" time="1.768" errors="0">
  <testcase name="testGetQueuedFacts" time="1.768" classname="Katt_Project.Katt_Project.FirstClass_Katt"/>
</testsuite> <!-- Katt_Project.Katt_Project.FirstClass_Katt -->
